[09-Mar-2026 14:15:35 Etc/GMT-3] PHP Warning:  Undefined array key "NOT_SHOW_LINKS" in D:\OSPanel\home\nowDownTime\bitrix\components\bitrix\system.auth.authorize\component.php on line 19
[09-Mar-2026 14:15:35 Etc/GMT-3] PHP Warning:  Undefined array key "~AUTH_RESULT" in D:\OSPanel\home\nowDownTime\bitrix\components\bitrix\system.auth.authorize\component.php on line 20
[09-Mar-2026 14:15:35 Etc/GMT-3] PHP Warning:  Undefined array key "~AUTH_RESULT" in D:\OSPanel\home\nowDownTime\bitrix\components\bitrix\system.auth.authorize\component.php on line 20
[09-Mar-2026 18:03:03 Etc/GMT-3] PHP Warning:  Undefined array key "SECTION_ID" in D:\OSPanel\home\nowDownTime\404.php on line 35
[09-Mar-2026 18:03:05 Etc/GMT-3] PHP Warning:  Undefined array key "SECTION_ID" in D:\OSPanel\home\nowDownTime\404.php on line 35
[09-Mar-2026 18:03:17 Etc/GMT-3] PHP Warning:  Undefined array key "SECTION_ID" in D:\OSPanel\home\nowDownTime\404.php on line 35
[09-Mar-2026 18:04:18 Etc/GMT-3] PHP Warning:  Undefined array key "SECTION_ID" in D:\OSPanel\home\nowDownTime\404.php on line 35
[09-Mar-2026 18:04:19 Etc/GMT-3] PHP Warning:  Undefined array key "SECTION_ID" in D:\OSPanel\home\nowDownTime\404.php on line 35
[09-Mar-2026 18:04:35 Etc/GMT-3] PHP Warning:  Undefined array key "SECTION_ID" in D:\OSPanel\home\nowDownTime\404.php on line 35
[09-Mar-2026 18:04:40 Etc/GMT-3] PHP Warning:  Undefined array key "SECTION_ID" in D:\OSPanel\home\nowDownTime\404.php on line 35
[09-Mar-2026 18:07:41 Etc/GMT-3] PHP Warning:  Undefined array key "SECTION_ID" in D:\OSPanel\home\nowDownTime\404.php on line 35
[09-Mar-2026 18:07:43 Etc/GMT-3] PHP Warning:  Undefined array key "SECTION_ID" in D:\OSPanel\home\nowDownTime\404.php on line 35
[09-Mar-2026 18:07:44 Etc/GMT-3] PHP Warning:  Undefined array key "SECTION_ID" in D:\OSPanel\home\nowDownTime\404.php on line 35
[09-Mar-2026 18:07:56 Etc/GMT-3] PHP Warning:  Undefined array key "SECTION_ID" in D:\OSPanel\home\nowDownTime\404.php on line 35
[09-Mar-2026 18:08:03 Etc/GMT-3] PHP Warning:  Undefined array key "SECTION_ID" in D:\OSPanel\home\nowDownTime\404.php on line 35
[09-Mar-2026 18:08:24 Etc/GMT-3] PHP Warning:  Undefined array key "SECTION_ID" in D:\OSPanel\home\nowDownTime\404.php on line 35
[09-Mar-2026 18:08:26 Etc/GMT-3] PHP Warning:  Undefined array key "SECTION_ID" in D:\OSPanel\home\nowDownTime\404.php on line 35
[09-Mar-2026 18:15:00 Etc/GMT-3] PHP Warning:  Undefined array key "SECTION_ID" in D:\OSPanel\home\nowDownTime\404.php on line 35
[09-Mar-2026 18:15:23 Etc/GMT-3] PHP Warning:  Undefined array key "SECTION_ID" in D:\OSPanel\home\nowDownTime\404.php on line 35
[09-Mar-2026 18:15:39 Etc/GMT-3] PHP Warning:  Undefined array key "SECTION_ID" in D:\OSPanel\home\nowDownTime\404.php on line 35
[09-Mar-2026 18:18:36 Etc/GMT-3] PHP Warning:  Undefined array key "SECTION_ID" in D:\OSPanel\home\nowDownTime\404.php on line 35
[09-Mar-2026 18:20:17 Etc/GMT-3] PHP Warning:  Undefined array key "SECTION_ID" in D:\OSPanel\home\nowDownTime\404.php on line 35
[09-Mar-2026 18:20:29 Etc/GMT-3] PHP Warning:  Undefined array key "SECTION_ID" in D:\OSPanel\home\nowDownTime\404.php on line 35
[09-Mar-2026 18:22:19 Etc/GMT-3] PHP Warning:  Undefined array key "SECTION_ID" in D:\OSPanel\home\nowDownTime\404.php on line 35
[09-Mar-2026 18:23:59 Etc/GMT-3] PHP Warning:  Undefined array key "SECTION_ID" in D:\OSPanel\home\nowDownTime\404.php on line 35
[09-Mar-2026 18:25:05 Etc/GMT-3] PHP Warning:  Undefined array key "SECTION_ID" in D:\OSPanel\home\nowDownTime\404.php on line 35
[09-Mar-2026 18:25:31 Etc/GMT-3] PHP Warning:  Undefined array key "SECTION_ID" in D:\OSPanel\home\nowDownTime\404.php on line 35
[09-Mar-2026 18:27:03 Etc/GMT-3] PHP Warning:  Undefined array key "SECTION_ID" in D:\OSPanel\home\nowDownTime\404.php on line 35
[09-Mar-2026 18:28:43 Etc/GMT-3] PHP Warning:  Undefined array key "SECTION_ID" in D:\OSPanel\home\nowDownTime\404.php on line 35
[09-Mar-2026 18:30:25 Etc/GMT-3] PHP Warning:  Undefined array key "SECTION_ID" in D:\OSPanel\home\nowDownTime\404.php on line 35
[09-Mar-2026 18:31:59 Etc/GMT-3] PHP Warning:  Undefined array key "SECTION_ID" in D:\OSPanel\home\nowDownTime\404.php on line 35
[09-Mar-2026 18:32:02 Etc/GMT-3] PHP Warning:  Undefined array key "SECTION_ID" in D:\OSPanel\home\nowDownTime\404.php on line 35
[09-Mar-2026 18:32:05 Etc/GMT-3] PHP Warning:  Undefined array key "SECTION_ID" in D:\OSPanel\home\nowDownTime\404.php on line 35
[09-Mar-2026 18:32:08 Etc/GMT-3] PHP Warning:  Undefined array key "SECTION_ID" in D:\OSPanel\home\nowDownTime\404.php on line 35
[09-Mar-2026 18:32:10 Etc/GMT-3] PHP Warning:  Undefined array key "SECTION_ID" in D:\OSPanel\home\nowDownTime\404.php on line 35
[09-Mar-2026 18:32:16 Etc/GMT-3] PHP Warning:  Undefined array key "SECTION_ID" in D:\OSPanel\home\nowDownTime\404.php on line 35
[09-Mar-2026 18:32:53 Etc/GMT-3] PHP Warning:  Undefined array key "SECTION_ID" in D:\OSPanel\home\nowDownTime\404.php on line 35
[09-Mar-2026 18:32:56 Etc/GMT-3] PHP Warning:  Undefined array key "SECTION_ID" in D:\OSPanel\home\nowDownTime\404.php on line 35
[09-Mar-2026 19:30:55 Etc/GMT-3] PHP Warning:  Undefined array key "SECTION_ID" in D:\OSPanel\home\nowDownTime\404.php on line 35
[09-Mar-2026 19:31:12 Etc/GMT-3] PHP Warning:  Undefined array key "SECTION_ID" in D:\OSPanel\home\nowDownTime\404.php on line 35
[09-Mar-2026 19:33:46 Etc/GMT-3] PHP Warning:  Undefined array key "SECTION_ID" in D:\OSPanel\home\nowDownTime\404.php on line 35
[09-Mar-2026 20:14:58 Etc/GMT-3] PHP Warning:  Undefined array key "SECTION_ID" in D:\OSPanel\home\nowDownTime\404.php on line 35
[10-Mar-2026 18:07:33 Etc/GMT-3] PHP Warning:  Undefined array key "SECTION_ID" in D:\OSPanel\home\nowDownTime\404.php on line 35
[11-Mar-2026 13:42:58 Etc/GMT-3] PHP Warning:  Undefined variable $success in D:\OSPanel\home\nowDownTime\personal\index.php on line 114
[11-Mar-2026 13:42:58 Etc/GMT-3] PHP Warning:  Undefined variable $error in D:\OSPanel\home\nowDownTime\personal\index.php on line 121
[11-Mar-2026 14:02:31 Etc/GMT-3] PHP Warning:  Undefined array key "SECTION_ID" in D:\OSPanel\home\nowDownTime\404.php on line 35
[11-Mar-2026 14:02:32 Etc/GMT-3] PHP Warning:  Undefined array key "SECTION_ID" in D:\OSPanel\home\nowDownTime\404.php on line 35
[11-Mar-2026 14:02:32 Etc/GMT-3] PHP Warning:  Undefined array key "SECTION_ID" in D:\OSPanel\home\nowDownTime\404.php on line 35
[11-Mar-2026 14:09:19 Etc/GMT-3] PHP Warning:  Undefined array key "SECTION_ID" in D:\OSPanel\home\nowDownTime\404.php on line 35
[11-Mar-2026 14:09:19 Etc/GMT-3] PHP Warning:  Undefined array key "SECTION_ID" in D:\OSPanel\home\nowDownTime\404.php on line 35
[11-Mar-2026 14:09:19 Etc/GMT-3] PHP Warning:  Undefined array key "SECTION_ID" in D:\OSPanel\home\nowDownTime\404.php on line 35
[11-Mar-2026 14:22:43 Etc/GMT-3] PHP Warning:  Undefined array key "SECTION_ID" in D:\OSPanel\home\nowDownTime\404.php on line 35
[11-Mar-2026 14:22:43 Etc/GMT-3] PHP Warning:  Undefined array key "SECTION_ID" in D:\OSPanel\home\nowDownTime\404.php on line 35
[11-Mar-2026 14:22:43 Etc/GMT-3] PHP Warning:  Undefined array key "SECTION_ID" in D:\OSPanel\home\nowDownTime\404.php on line 35
[11-Mar-2026 14:22:43 Etc/GMT-3] PHP Warning:  Undefined array key "SECTION_ID" in D:\OSPanel\home\nowDownTime\404.php on line 35
[11-Mar-2026 14:23:50 Etc/GMT-3] PHP Warning:  Undefined array key "SECTION_ID" in D:\OSPanel\home\nowDownTime\404.php on line 35
[11-Mar-2026 14:23:50 Etc/GMT-3] PHP Warning:  Undefined array key "SECTION_ID" in D:\OSPanel\home\nowDownTime\404.php on line 35
[11-Mar-2026 14:23:50 Etc/GMT-3] PHP Warning:  Undefined array key "SECTION_ID" in D:\OSPanel\home\nowDownTime\404.php on line 35
[11-Mar-2026 14:23:51 Etc/GMT-3] PHP Warning:  Undefined array key "SECTION_ID" in D:\OSPanel\home\nowDownTime\404.php on line 35
[11-Mar-2026 14:23:51 Etc/GMT-3] PHP Warning:  Undefined array key "SECTION_ID" in D:\OSPanel\home\nowDownTime\404.php on line 35
[11-Mar-2026 14:23:51 Etc/GMT-3] PHP Warning:  Undefined array key "SECTION_ID" in D:\OSPanel\home\nowDownTime\404.php on line 35
[11-Mar-2026 14:23:52 Etc/GMT-3] PHP Warning:  Undefined array key "SECTION_ID" in D:\OSPanel\home\nowDownTime\404.php on line 35
[11-Mar-2026 14:23:52 Etc/GMT-3] PHP Warning:  Undefined array key "SECTION_ID" in D:\OSPanel\home\nowDownTime\404.php on line 35
[11-Mar-2026 14:26:42 Etc/GMT-3] PHP Warning:  Undefined array key "SECTION_ID" in D:\OSPanel\home\nowDownTime\404.php on line 35
[11-Mar-2026 14:26:42 Etc/GMT-3] PHP Warning:  Undefined array key "SECTION_ID" in D:\OSPanel\home\nowDownTime\404.php on line 35
[11-Mar-2026 14:26:42 Etc/GMT-3] PHP Warning:  Undefined array key "SECTION_ID" in D:\OSPanel\home\nowDownTime\404.php on line 35
[11-Mar-2026 14:26:43 Etc/GMT-3] PHP Warning:  Undefined array key "SECTION_ID" in D:\OSPanel\home\nowDownTime\404.php on line 35
[11-Mar-2026 14:26:43 Etc/GMT-3] PHP Warning:  Undefined array key "SECTION_ID" in D:\OSPanel\home\nowDownTime\404.php on line 35
[11-Mar-2026 14:26:43 Etc/GMT-3] PHP Warning:  Undefined array key "SECTION_ID" in D:\OSPanel\home\nowDownTime\404.php on line 35
[11-Mar-2026 14:26:44 Etc/GMT-3] PHP Warning:  Undefined array key "SECTION_ID" in D:\OSPanel\home\nowDownTime\404.php on line 35
[11-Mar-2026 14:26:44 Etc/GMT-3] PHP Warning:  Undefined array key "SECTION_ID" in D:\OSPanel\home\nowDownTime\404.php on line 35
[11-Mar-2026 14:45:12 Etc/GMT-3] PHP Warning:  Undefined array key "SECTION_ID" in D:\OSPanel\home\nowDownTime\404.php on line 35
[11-Mar-2026 14:45:20 Etc/GMT-3] PHP Warning:  Undefined array key "SECTION_ID" in D:\OSPanel\home\nowDownTime\404.php on line 35
[11-Mar-2026 14:45:20 Etc/GMT-3] PHP Warning:  Undefined array key "SECTION_ID" in D:\OSPanel\home\nowDownTime\404.php on line 35
[11-Mar-2026 14:45:21 Etc/GMT-3] PHP Warning:  Undefined array key "SECTION_ID" in D:\OSPanel\home\nowDownTime\404.php on line 35
[11-Mar-2026 14:45:21 Etc/GMT-3] PHP Warning:  Undefined array key "SECTION_ID" in D:\OSPanel\home\nowDownTime\404.php on line 35
[11-Mar-2026 14:45:22 Etc/GMT-3] PHP Warning:  Undefined array key "SECTION_ID" in D:\OSPanel\home\nowDownTime\404.php on line 35
[11-Mar-2026 14:45:22 Etc/GMT-3] PHP Warning:  Undefined array key "SECTION_ID" in D:\OSPanel\home\nowDownTime\404.php on line 35
[11-Mar-2026 14:45:52 Etc/GMT-3] PHP Warning:  Undefined array key "SECTION_ID" in D:\OSPanel\home\nowDownTime\404.php on line 35
[11-Mar-2026 14:45:59 Etc/GMT-3] PHP Warning:  Undefined array key "SECTION_ID" in D:\OSPanel\home\nowDownTime\404.php on line 35
[11-Mar-2026 14:45:59 Etc/GMT-3] PHP Warning:  Undefined array key "SECTION_ID" in D:\OSPanel\home\nowDownTime\404.php on line 35
[11-Mar-2026 14:45:59 Etc/GMT-3] PHP Warning:  Undefined array key "SECTION_ID" in D:\OSPanel\home\nowDownTime\404.php on line 35
[11-Mar-2026 14:46:00 Etc/GMT-3] PHP Warning:  Undefined array key "SECTION_ID" in D:\OSPanel\home\nowDownTime\404.php on line 35
[11-Mar-2026 14:46:01 Etc/GMT-3] PHP Warning:  Undefined array key "SECTION_ID" in D:\OSPanel\home\nowDownTime\404.php on line 35
[11-Mar-2026 14:46:01 Etc/GMT-3] PHP Warning:  Undefined array key "SECTION_ID" in D:\OSPanel\home\nowDownTime\404.php on line 35
[11-Mar-2026 14:46:02 Etc/GMT-3] PHP Warning:  Undefined array key "SECTION_ID" in D:\OSPanel\home\nowDownTime\404.php on line 35
[11-Mar-2026 14:46:02 Etc/GMT-3] PHP Warning:  Undefined array key "SECTION_ID" in D:\OSPanel\home\nowDownTime\404.php on line 35
[11-Mar-2026 14:46:06 Etc/GMT-3] PHP Warning:  Undefined array key "SECTION_ID" in D:\OSPanel\home\nowDownTime\404.php on line 35
[11-Mar-2026 14:46:07 Etc/GMT-3] PHP Warning:  Undefined array key "SECTION_ID" in D:\OSPanel\home\nowDownTime\404.php on line 35
[11-Mar-2026 14:46:07 Etc/GMT-3] PHP Warning:  Undefined array key "SECTION_ID" in D:\OSPanel\home\nowDownTime\404.php on line 35
[11-Mar-2026 14:46:07 Etc/GMT-3] PHP Warning:  Undefined array key "SECTION_ID" in D:\OSPanel\home\nowDownTime\404.php on line 35
[11-Mar-2026 14:46:07 Etc/GMT-3] PHP Warning:  Undefined array key "SECTION_ID" in D:\OSPanel\home\nowDownTime\404.php on line 35
[11-Mar-2026 14:46:07 Etc/GMT-3] PHP Warning:  Undefined array key "SECTION_ID" in D:\OSPanel\home\nowDownTime\404.php on line 35
[11-Mar-2026 14:46:09 Etc/GMT-3] PHP Warning:  Undefined array key "SECTION_ID" in D:\OSPanel\home\nowDownTime\404.php on line 35
[11-Mar-2026 14:46:09 Etc/GMT-3] PHP Warning:  Undefined array key "SECTION_ID" in D:\OSPanel\home\nowDownTime\404.php on line 35
[11-Mar-2026 14:47:29 Etc/GMT-3] PHP Warning:  Undefined array key "SECTION_ID" in D:\OSPanel\home\nowDownTime\404.php on line 35
[11-Mar-2026 14:49:18 Etc/GMT-3] PHP Warning:  Undefined array key "SECTION_ID" in D:\OSPanel\home\nowDownTime\404.php on line 35
[11-Mar-2026 14:53:07 Etc/GMT-3] PHP Warning:  Undefined array key "SECTION_ID" in D:\OSPanel\home\nowDownTime\404.php on line 35
[11-Mar-2026 19:40:19 Etc/GMT-3] POST data: Array
(
    [sessid] => c96b63c0e971ac0709661c0de6870202
    [NAME] => Jhon
    [LAST_NAME] => Doe
    [EMAIL] => swustinowegor@gmail.com
    [PERSONAL_PHONE] => +7 (960) 204-82-15
    [PERSONAL_CITY] => Великий Новгород
    [PERSONAL_BIRTHDAY] => 2005-12-09
    [NEW_PASSWORD] => 
    [CONFIRM_PASSWORD] => 
)

[11-Mar-2026 19:40:19 Etc/GMT-3] Saving birthday: 2005-12-09
[11-Mar-2026 19:40:19 Etc/GMT-3] Update error: Неверная дата рождения.<br>
[11-Mar-2026 19:40:24 Etc/GMT-3] POST data: Array
(
    [sessid] => c96b63c0e971ac0709661c0de6870202
    [NAME] => Jhon
    [LAST_NAME] => Doe
    [EMAIL] => swustinowegor@gmail.com
    [PERSONAL_PHONE] => +7 (960) 204-82-15
    [PERSONAL_CITY] => Великий Новгород
    [PERSONAL_BIRTHDAY] => 2005-12-09
    [NEW_PASSWORD] => 
    [CONFIRM_PASSWORD] => 
)

[11-Mar-2026 19:40:24 Etc/GMT-3] Saving birthday: 2005-12-09
[11-Mar-2026 19:40:24 Etc/GMT-3] Update error: Неверная дата рождения.<br>
[11-Mar-2026 19:40:37 Etc/GMT-3] POST data: Array
(
    [sessid] => c96b63c0e971ac0709661c0de6870202
    [NAME] => Jhon
    [LAST_NAME] => Doe
    [EMAIL] => swustinowegor@gmail.com
    [PERSONAL_PHONE] => +7 (960) 204-82-15
    [PERSONAL_CITY] => Великий Новгород
    [PERSONAL_BIRTHDAY] => 2005-12-09
    [NEW_PASSWORD] => 
    [CONFIRM_PASSWORD] => 
)

[11-Mar-2026 19:40:37 Etc/GMT-3] Saving birthday: 2005-12-09
[11-Mar-2026 19:40:37 Etc/GMT-3] Update error: Неверная дата рождения.<br>
[11-Mar-2026 19:43:19 Etc/GMT-3] POST data: Array
(
    [sessid] => c96b63c0e971ac0709661c0de6870202
    [NAME] => Jhon
    [LAST_NAME] => Doe
    [EMAIL] => swustinowegor@gmail.com
    [PERSONAL_PHONE] => +7 (960) 204-82-15
    [PERSONAL_CITY] => Великий Новгород
    [PERSONAL_BIRTHDAY] => 2005-12-09
    [NEW_PASSWORD] => 
    [CONFIRM_PASSWORD] => 
)

[11-Mar-2026 19:43:22 Etc/GMT-3] POST data: Array
(
    [sessid] => c96b63c0e971ac0709661c0de6870202
    [NAME] => Jhon
    [LAST_NAME] => Doe
    [EMAIL] => swustinowegor@gmail.com
    [PERSONAL_PHONE] => +7 (960) 204-82-15
    [PERSONAL_CITY] => Великий Новгород
    [PERSONAL_BIRTHDAY] => 2005-12-09
    [NEW_PASSWORD] => 
    [CONFIRM_PASSWORD] => 
)

[11-Mar-2026 19:44:23 Etc/GMT-3] POST data: Array
(
    [sessid] => c96b63c0e971ac0709661c0de6870202
    [NAME] => Jhon
    [LAST_NAME] => Doe
    [EMAIL] => swustinowegor@gmail.com
    [PERSONAL_PHONE] => +7 (960) 204-82-15
    [PERSONAL_CITY] => Великий Новгород
    [PERSONAL_BIRTHDAY] => 2005-12-09
    [NEW_PASSWORD] => 
    [CONFIRM_PASSWORD] => 
)

[11-Mar-2026 19:44:33 Etc/GMT-3] POST data: Array
(
    [sessid] => c96b63c0e971ac0709661c0de6870202
    [NAME] => Jhon
    [LAST_NAME] => Doe
    [EMAIL] => swustinowegor@gmail.com
    [PERSONAL_PHONE] => +7 (960) 204-82-15
    [PERSONAL_CITY] => Великий Новгород
    [PERSONAL_BIRTHDAY] => 2005-12-09
    [NEW_PASSWORD] => 
    [CONFIRM_PASSWORD] => 
)

[11-Mar-2026 19:45:57 Etc/GMT-3] POST data: Array
(
    [sessid] => c96b63c0e971ac0709661c0de6870202
    [NAME] => Jhon
    [LAST_NAME] => Doe
    [EMAIL] => swustinowegor@gmail.com
    [PERSONAL_PHONE] => +7 (960) 204-82-15
    [PERSONAL_CITY] => Великий Новгород
    [PERSONAL_BIRTHDAY] => 2005-12-09
    [NEW_PASSWORD] => 
    [CONFIRM_PASSWORD] => 
)

[11-Mar-2026 19:46:07 Etc/GMT-3] POST data: Array
(
    [sessid] => c96b63c0e971ac0709661c0de6870202
    [NAME] => Jhon
    [LAST_NAME] => Doe
    [EMAIL] => swustinowegor@gmail.com
    [PERSONAL_PHONE] => +7 (960) 204-82-15
    [PERSONAL_CITY] => Великий Новгород
    [PERSONAL_BIRTHDAY] => 2005-12-09
    [NEW_PASSWORD] => 
    [CONFIRM_PASSWORD] => 
)

[11-Mar-2026 19:55:18 Etc/GMT-3] Update error: Неверная дата рождения.<br>
[11-Mar-2026 19:55:22 Etc/GMT-3] Update error: Неверная дата рождения.<br>
[11-Mar-2026 19:55:51 Etc/GMT-3] POST data: Array
(
    [sessid] => c96b63c0e971ac0709661c0de6870202
    [NAME] => Jhon
    [LAST_NAME] => Doe
    [EMAIL] => swustinowegor@gmail.com
    [PERSONAL_PHONE] => +7 (960) 204-82-15
    [PERSONAL_CITY] => Великий Новгород
    [PERSONAL_BIRTHDAY] => 2005-12-09
    [NEW_PASSWORD] => 
    [CONFIRM_PASSWORD] => 
)

[11-Mar-2026 19:57:15 Etc/GMT-3] POST data: Array
(
    [sessid] => c96b63c0e971ac0709661c0de6870202
    [NAME] => Jhon
    [LAST_NAME] => Doe
    [EMAIL] => swustinowegor@gmail.com
    [PERSONAL_PHONE] => +7 (960) 204-82-15
    [PERSONAL_CITY] => Великий Новгород
    [PERSONAL_BIRTHDAY] => 2005-12-09
    [NEW_PASSWORD] => 
    [CONFIRM_PASSWORD] => 
)

[11-Mar-2026 20:02:43 Etc/GMT-3] Saved birthday: 
[11-Mar-2026 20:02:49 Etc/GMT-3] Saved birthday: 
[11-Mar-2026 20:04:01 Etc/GMT-3] Saved birthday: 
[11-Mar-2026 20:04:09 Etc/GMT-3] Saved birthday: 
[11-Mar-2026 20:10:29 Etc/GMT-3] Saved birthday: 
[11-Mar-2026 20:17:25 Etc/GMT-3] PHP Warning:  Undefined variable $birthdayValue in D:\OSPanel\home\nowDownTime\personal\index.php on line 68
[11-Mar-2026 20:17:33 Etc/GMT-3] PHP Warning:  Undefined variable $birthdayValue in D:\OSPanel\home\nowDownTime\personal\index.php on line 68
[11-Mar-2026 20:20:05 Etc/GMT-3] PHP Warning:  Undefined variable $birthdayValue in D:\OSPanel\home\nowDownTime\personal\index.php on line 68
[11-Mar-2026 20:20:09 Etc/GMT-3] PHP Warning:  Undefined variable $birthdayValue in D:\OSPanel\home\nowDownTime\personal\index.php on line 68
[12-Mar-2026 12:12:45 Etc/GMT-3] PHP Warning:  Undefined array key "SECTION_ID" in D:\OSPanel\home\nowDownTime\404.php on line 35
[12-Mar-2026 12:14:31 Etc/GMT-3] PHP Warning:  Undefined array key "SECTION_ID" in D:\OSPanel\home\nowDownTime\404.php on line 35
[12-Mar-2026 12:14:33 Etc/GMT-3] PHP Warning:  Undefined array key "SECTION_ID" in D:\OSPanel\home\nowDownTime\404.php on line 35
[12-Mar-2026 12:16:49 Etc/GMT-3] PHP Warning:  Undefined array key "SECTION_ID" in D:\OSPanel\home\nowDownTime\404.php on line 35
[12-Mar-2026 12:16:52 Etc/GMT-3] PHP Warning:  Undefined array key "SECTION_ID" in D:\OSPanel\home\nowDownTime\404.php on line 35
[12-Mar-2026 13:06:04 Etc/GMT-3] PHP Warning:  Undefined array key "SECTION_ID" in D:\OSPanel\home\nowDownTime\404.php on line 35
[12-Mar-2026 13:06:23 Etc/GMT-3] PHP Warning:  Undefined array key "SECTION_ID" in D:\OSPanel\home\nowDownTime\404.php on line 35
[12-Mar-2026 13:57:17 Etc/GMT-3] PHP Warning:  Undefined array key "SECTION_ID" in D:\OSPanel\home\nowDownTime\404.php on line 35
[12-Mar-2026 13:57:27 Etc/GMT-3] PHP Warning:  Undefined array key "SECTION_ID" in D:\OSPanel\home\nowDownTime\404.php on line 35
[12-Mar-2026 13:57:29 Etc/GMT-3] PHP Warning:  Undefined array key "SECTION_ID" in D:\OSPanel\home\nowDownTime\404.php on line 35
[12-Mar-2026 13:57:36 Etc/GMT-3] PHP Warning:  Undefined array key "SECTION_ID" in D:\OSPanel\home\nowDownTime\404.php on line 35
[12-Mar-2026 13:57:40 Etc/GMT-3] PHP Warning:  Undefined array key "SECTION_ID" in D:\OSPanel\home\nowDownTime\404.php on line 35
[12-Mar-2026 13:58:07 Etc/GMT-3] PHP Warning:  Undefined array key "SECTION_ID" in D:\OSPanel\home\nowDownTime\404.php on line 35
[12-Mar-2026 13:58:12 Etc/GMT-3] PHP Warning:  Undefined array key "SECTION_ID" in D:\OSPanel\home\nowDownTime\404.php on line 35
[12-Mar-2026 13:59:22 Etc/GMT-3] PHP Warning:  Undefined array key "SECTION_ID" in D:\OSPanel\home\nowDownTime\404.php on line 35
[12-Mar-2026 14:02:37 Etc/GMT-3] PHP Warning:  Undefined array key "SECTION_ID" in D:\OSPanel\home\nowDownTime\404.php on line 35
[12-Mar-2026 14:02:56 Etc/GMT-3] PHP Warning:  Undefined array key "SECTION_ID" in D:\OSPanel\home\nowDownTime\404.php on line 35
[12-Mar-2026 14:04:18 Etc/GMT-3] PHP Warning:  Undefined array key "SECTION_ID" in D:\OSPanel\home\nowDownTime\404.php on line 35
[12-Mar-2026 14:04:23 Etc/GMT-3] PHP Warning:  Undefined array key "SECTION_ID" in D:\OSPanel\home\nowDownTime\404.php on line 35
[12-Mar-2026 14:04:26 Etc/GMT-3] PHP Warning:  Undefined array key "SECTION_ID" in D:\OSPanel\home\nowDownTime\404.php on line 35
[12-Mar-2026 14:09:57 Etc/GMT-3] PHP Warning:  Undefined array key "SECTION_ID" in D:\OSPanel\home\nowDownTime\404.php on line 35
[12-Mar-2026 14:10:47 Etc/GMT-3] PHP Warning:  Undefined array key "SECTION_ID" in D:\OSPanel\home\nowDownTime\404.php on line 35
[12-Mar-2026 14:12:38 Etc/GMT-3] PHP Warning:  Undefined array key "SECTION_ID" in D:\OSPanel\home\nowDownTime\404.php on line 35
[12-Mar-2026 14:13:50 Etc/GMT-3] PHP Warning:  Undefined array key "SECTION_ID" in D:\OSPanel\home\nowDownTime\404.php on line 35
[12-Mar-2026 14:13:53 Etc/GMT-3] PHP Warning:  Undefined array key "SECTION_ID" in D:\OSPanel\home\nowDownTime\404.php on line 35
[12-Mar-2026 14:14:16 Etc/GMT-3] PHP Warning:  Undefined array key "SECTION_ID" in D:\OSPanel\home\nowDownTime\404.php on line 35
[12-Mar-2026 14:14:54 Etc/GMT-3] PHP Warning:  Undefined array key "SECTION_ID" in D:\OSPanel\home\nowDownTime\404.php on line 35
[12-Mar-2026 14:15:06 Etc/GMT-3] PHP Warning:  Undefined array key "SECTION_ID" in D:\OSPanel\home\nowDownTime\404.php on line 35
[12-Mar-2026 14:16:12 Etc/GMT-3] PHP Warning:  Undefined array key "SECTION_ID" in D:\OSPanel\home\nowDownTime\404.php on line 35
[12-Mar-2026 14:16:55 Etc/GMT-3] PHP Warning:  Undefined array key "SECTION_ID" in D:\OSPanel\home\nowDownTime\404.php on line 35
[12-Mar-2026 14:16:56 Etc/GMT-3] PHP Warning:  Undefined array key "SECTION_ID" in D:\OSPanel\home\nowDownTime\404.php on line 35
[12-Mar-2026 14:16:58 Etc/GMT-3] PHP Warning:  Undefined array key "SECTION_ID" in D:\OSPanel\home\nowDownTime\404.php on line 35
[12-Mar-2026 14:17:21 Etc/GMT-3] PHP Warning:  Undefined array key "SECTION_ID" in D:\OSPanel\home\nowDownTime\404.php on line 35
[12-Mar-2026 14:17:23 Etc/GMT-3] PHP Warning:  Undefined array key "SECTION_ID" in D:\OSPanel\home\nowDownTime\404.php on line 35
[12-Mar-2026 14:18:03 Etc/GMT-3] PHP Warning:  Undefined array key "SECTION_ID" in D:\OSPanel\home\nowDownTime\404.php on line 35
[12-Mar-2026 14:18:30 Etc/GMT-3] PHP Warning:  Undefined array key "SECTION_ID" in D:\OSPanel\home\nowDownTime\404.php on line 35
[12-Mar-2026 14:19:03 Etc/GMT-3] PHP Warning:  Undefined array key "SECTION_ID" in D:\OSPanel\home\nowDownTime\404.php on line 35
[12-Mar-2026 14:19:05 Etc/GMT-3] PHP Warning:  Undefined array key "SECTION_ID" in D:\OSPanel\home\nowDownTime\404.php on line 35
[12-Mar-2026 14:19:40 Etc/GMT-3] PHP Warning:  Undefined array key "SECTION_ID" in D:\OSPanel\home\nowDownTime\404.php on line 35
[12-Mar-2026 14:20:01 Etc/GMT-3] PHP Warning:  Undefined array key "SECTION_ID" in D:\OSPanel\home\nowDownTime\404.php on line 35
[12-Mar-2026 14:20:09 Etc/GMT-3] PHP Warning:  Undefined array key "SECTION_ID" in D:\OSPanel\home\nowDownTime\404.php on line 35
[12-Mar-2026 14:22:09 Etc/GMT-3] PHP Warning:  Undefined array key "SECTION_ID" in D:\OSPanel\home\nowDownTime\404.php on line 35
[12-Mar-2026 14:22:48 Etc/GMT-3] PHP Warning:  Undefined array key "SECTION_ID" in D:\OSPanel\home\nowDownTime\404.php on line 35
[12-Mar-2026 14:23:16 Etc/GMT-3] PHP Warning:  Undefined array key "SECTION_ID" in D:\OSPanel\home\nowDownTime\404.php on line 35
[12-Mar-2026 14:23:34 Etc/GMT-3] PHP Warning:  Undefined array key "SECTION_ID" in D:\OSPanel\home\nowDownTime\404.php on line 35
[12-Mar-2026 14:23:40 Etc/GMT-3] PHP Warning:  Undefined array key "SECTION_ID" in D:\OSPanel\home\nowDownTime\404.php on line 35
[12-Mar-2026 14:24:54 Etc/GMT-3] PHP Warning:  Undefined array key "SECTION_ID" in D:\OSPanel\home\nowDownTime\404.php on line 35
[12-Mar-2026 14:24:59 Etc/GMT-3] PHP Warning:  Undefined array key "SECTION_ID" in D:\OSPanel\home\nowDownTime\404.php on line 35
[12-Mar-2026 14:25:06 Etc/GMT-3] PHP Warning:  Undefined array key "SECTION_ID" in D:\OSPanel\home\nowDownTime\404.php on line 35
[12-Mar-2026 14:25:11 Etc/GMT-3] PHP Warning:  Undefined array key "SECTION_ID" in D:\OSPanel\home\nowDownTime\404.php on line 35
[12-Mar-2026 14:25:45 Etc/GMT-3] PHP Warning:  Undefined array key "SECTION_ID" in D:\OSPanel\home\nowDownTime\404.php on line 35
[12-Mar-2026 14:26:34 Etc/GMT-3] PHP Warning:  Undefined array key "SECTION_ID" in D:\OSPanel\home\nowDownTime\404.php on line 35
[12-Mar-2026 14:27:05 Etc/GMT-3] PHP Warning:  Undefined array key "SECTION_ID" in D:\OSPanel\home\nowDownTime\404.php on line 35
[12-Mar-2026 14:27:47 Etc/GMT-3] PHP Warning:  Undefined array key "SECTION_ID" in D:\OSPanel\home\nowDownTime\404.php on line 35
[12-Mar-2026 14:29:58 Etc/GMT-3] PHP Warning:  Undefined array key "SECTION_ID" in D:\OSPanel\home\nowDownTime\404.php on line 35
[12-Mar-2026 14:30:14 Etc/GMT-3] PHP Warning:  Undefined array key "SECTION_ID" in D:\OSPanel\home\nowDownTime\404.php on line 35
[12-Mar-2026 14:30:20 Etc/GMT-3] PHP Warning:  Undefined array key "SECTION_ID" in D:\OSPanel\home\nowDownTime\404.php on line 35
[12-Mar-2026 14:34:03 Etc/GMT-3] PHP Warning:  Undefined array key "SECTION_ID" in D:\OSPanel\home\nowDownTime\404.php on line 35
[12-Mar-2026 14:34:17 Etc/GMT-3] PHP Warning:  Undefined array key "SECTION_ID" in D:\OSPanel\home\nowDownTime\404.php on line 35
[12-Mar-2026 14:35:08 Etc/GMT-3] PHP Warning:  Undefined array key "SECTION_ID" in D:\OSPanel\home\nowDownTime\404.php on line 35
[12-Mar-2026 14:35:22 Etc/GMT-3] PHP Warning:  Undefined array key "SECTION_ID" in D:\OSPanel\home\nowDownTime\404.php on line 35
[12-Mar-2026 14:35:30 Etc/GMT-3] PHP Warning:  Undefined array key "SECTION_ID" in D:\OSPanel\home\nowDownTime\404.php on line 35
[12-Mar-2026 14:35:39 Etc/GMT-3] PHP Warning:  Undefined array key "SECTION_ID" in D:\OSPanel\home\nowDownTime\404.php on line 35
[12-Mar-2026 14:35:50 Etc/GMT-3] PHP Warning:  Undefined array key "SECTION_ID" in D:\OSPanel\home\nowDownTime\404.php on line 35
[12-Mar-2026 14:36:58 Etc/GMT-3] PHP Warning:  Undefined array key "SECTION_ID" in D:\OSPanel\home\nowDownTime\404.php on line 35
[12-Mar-2026 14:40:04 Etc/GMT-3] PHP Warning:  Undefined array key "SECTION_ID" in D:\OSPanel\home\nowDownTime\404.php on line 35
[12-Mar-2026 14:40:16 Etc/GMT-3] PHP Warning:  Undefined array key "SECTION_ID" in D:\OSPanel\home\nowDownTime\404.php on line 35
[12-Mar-2026 14:40:28 Etc/GMT-3] PHP Warning:  Undefined array key "SECTION_ID" in D:\OSPanel\home\nowDownTime\404.php on line 35
[12-Mar-2026 14:40:41 Etc/GMT-3] PHP Warning:  Undefined array key "SECTION_ID" in D:\OSPanel\home\nowDownTime\404.php on line 35
[12-Mar-2026 14:40:47 Etc/GMT-3] PHP Warning:  Undefined array key "SECTION_ID" in D:\OSPanel\home\nowDownTime\404.php on line 35
[12-Mar-2026 14:40:57 Etc/GMT-3] PHP Warning:  Undefined array key "SECTION_ID" in D:\OSPanel\home\nowDownTime\404.php on line 35
[12-Mar-2026 14:41:43 Etc/GMT-3] PHP Warning:  Undefined array key "SECTION_ID" in D:\OSPanel\home\nowDownTime\404.php on line 35
[12-Mar-2026 14:42:19 Etc/GMT-3] PHP Warning:  Undefined array key "SECTION_ID" in D:\OSPanel\home\nowDownTime\404.php on line 35
[12-Mar-2026 14:42:20 Etc/GMT-3] PHP Warning:  Undefined array key "SECTION_ID" in D:\OSPanel\home\nowDownTime\404.php on line 35
[12-Mar-2026 14:42:30 Etc/GMT-3] PHP Warning:  Undefined array key "SECTION_ID" in D:\OSPanel\home\nowDownTime\404.php on line 35
[12-Mar-2026 14:42:38 Etc/GMT-3] PHP Warning:  Undefined array key "SECTION_ID" in D:\OSPanel\home\nowDownTime\404.php on line 35
[12-Mar-2026 14:43:10 Etc/GMT-3] PHP Warning:  Undefined array key "SECTION_ID" in D:\OSPanel\home\nowDownTime\404.php on line 35
[13-Mar-2026 12:25:49 Etc/GMT-3] PHP Deprecated:  base64_encode(): Passing null to parameter #1 ($string) of type string is deprecated in D:\OSPanel\home\nowDownTime\bitrix\modules\seo\include.php on line 82
[13-Mar-2026 12:25:49 Etc/GMT-3] PHP Warning:  Cannot modify header information - headers already sent by (output started at D:\OSPanel\home\nowDownTime\bitrix\modules\seo\include.php:82) in D:\OSPanel\home\nowDownTime\bitrix\modules\main\lib\httpresponse.php on line 245
[13-Mar-2026 12:32:11 Etc/GMT-3] PHP Warning:  Undefined array key "SECTION_ID" in D:\OSPanel\home\nowDownTime\catalog\index.php on line 44
[13-Mar-2026 12:34:29 Etc/GMT-3] PHP Warning:  Undefined array key "SECTION_ID" in D:\OSPanel\home\nowDownTime\404.php on line 35
[13-Mar-2026 15:54:57 Etc/GMT-3] PHP Warning:  Undefined array key "SECTION_ID" in D:\OSPanel\home\nowDownTime\404.php on line 35
[13-Mar-2026 15:56:17 Etc/GMT-3] PHP Warning:  Undefined array key "SECTION_ID" in D:\OSPanel\home\nowDownTime\404.php on line 35
[13-Mar-2026 15:57:35 Etc/GMT-3] PHP Warning:  Undefined array key "SECTION_ID" in D:\OSPanel\home\nowDownTime\404.php on line 35
[13-Mar-2026 15:57:37 Etc/GMT-3] PHP Warning:  Undefined array key "SECTION_ID" in D:\OSPanel\home\nowDownTime\404.php on line 35
[13-Mar-2026 15:58:40 Etc/GMT-3] PHP Warning:  Undefined array key "SECTION_ID" in D:\OSPanel\home\nowDownTime\404.php on line 35
[13-Mar-2026 15:58:57 Etc/GMT-3] PHP Warning:  Undefined array key "SECTION_ID" in D:\OSPanel\home\nowDownTime\404.php on line 35
[13-Mar-2026 16:02:22 Etc/GMT-3] PHP Warning:  Undefined array key "SECTION_ID" in D:\OSPanel\home\nowDownTime\404.php on line 35
[13-Mar-2026 16:02:29 Etc/GMT-3] PHP Warning:  Undefined array key "SECTION_ID" in D:\OSPanel\home\nowDownTime\404.php on line 35
[13-Mar-2026 16:02:37 Etc/GMT-3] PHP Warning:  Undefined array key "SECTION_ID" in D:\OSPanel\home\nowDownTime\404.php on line 35
[13-Mar-2026 16:03:15 Etc/GMT-3] PHP Warning:  Undefined array key "SECTION_ID" in D:\OSPanel\home\nowDownTime\404.php on line 35
[13-Mar-2026 16:04:28 Etc/GMT-3] PHP Warning:  A non-numeric value encountered in D:\OSPanel\home\nowDownTime\cart\index.php on line 28
[13-Mar-2026 16:09:11 Etc/GMT-3] PHP Warning:  A non-numeric value encountered in D:\OSPanel\home\nowDownTime\cart\index.php on line 28
[13-Mar-2026 16:14:14 Etc/GMT-3] PHP Warning:  A non-numeric value encountered in D:\OSPanel\home\nowDownTime\personal\cart\index.php on line 28
[13-Mar-2026 16:19:13 Etc/GMT-3] PHP Warning:  A non-numeric value encountered in D:\OSPanel\home\nowDownTime\personal\cart\index.php on line 28
[13-Mar-2026 16:22:00 Etc/GMT-3] PHP Warning:  A non-numeric value encountered in D:\OSPanel\home\nowDownTime\personal\cart\index.php on line 34
[13-Mar-2026 16:22:02 Etc/GMT-3] PHP Warning:  A non-numeric value encountered in D:\OSPanel\home\nowDownTime\personal\cart\index.php on line 34
[13-Mar-2026 16:22:23 Etc/GMT-3] PHP Warning:  A non-numeric value encountered in D:\OSPanel\home\nowDownTime\personal\cart\index.php on line 34
[13-Mar-2026 16:26:21 Etc/GMT-3] PHP Warning:  A non-numeric value encountered in D:\OSPanel\home\nowDownTime\personal\cart\index.php on line 34
[13-Mar-2026 16:28:24 Etc/GMT-3] PHP Warning:  A non-numeric value encountered in D:\OSPanel\home\nowDownTime\personal\cart\index.php on line 34
[13-Mar-2026 16:28:26 Etc/GMT-3] PHP Warning:  A non-numeric value encountered in D:\OSPanel\home\nowDownTime\personal\cart\index.php on line 34
[13-Mar-2026 16:28:37 Etc/GMT-3] PHP Warning:  A non-numeric value encountered in D:\OSPanel\home\nowDownTime\personal\cart\index.php on line 34
[13-Mar-2026 16:29:20 Etc/GMT-3] PHP Warning:  A non-numeric value encountered in D:\OSPanel\home\nowDownTime\personal\cart\index.php on line 34
[13-Mar-2026 16:30:08 Etc/GMT-3] PHP Warning:  A non-numeric value encountered in D:\OSPanel\home\nowDownTime\personal\cart\index.php on line 34
[13-Mar-2026 16:30:14 Etc/GMT-3] PHP Warning:  A non-numeric value encountered in D:\OSPanel\home\nowDownTime\personal\cart\index.php on line 34
[13-Mar-2026 16:31:05 Etc/GMT-3] PHP Warning:  A non-numeric value encountered in D:\OSPanel\home\nowDownTime\personal\cart\index.php on line 34
[13-Mar-2026 16:31:14 Etc/GMT-3] PHP Warning:  A non-numeric value encountered in D:\OSPanel\home\nowDownTime\personal\cart\index.php on line 34
[13-Mar-2026 16:31:36 Etc/GMT-3] PHP Warning:  A non-numeric value encountered in D:\OSPanel\home\nowDownTime\personal\cart\index.php on line 34
[13-Mar-2026 16:32:13 Etc/GMT-3] PHP Warning:  A non-numeric value encountered in D:\OSPanel\home\nowDownTime\personal\cart\index.php on line 34
[16-Mar-2026 13:20:00 Etc/GMT-3] PHP Warning:  Undefined array key "SECTION_ID" in D:\OSPanel\home\nowDownTime\404.php on line 35
[16-Mar-2026 13:20:39 Etc/GMT-3] PHP Warning:  Undefined array key "SECTION_ID" in D:\OSPanel\home\nowDownTime\404.php on line 35
[16-Mar-2026 13:21:05 Etc/GMT-3] PHP Warning:  Undefined array key "SECTION_ID" in D:\OSPanel\home\nowDownTime\404.php on line 35
[16-Mar-2026 13:21:32 Etc/GMT-3] PHP Warning:  Undefined array key "SECTION_ID" in D:\OSPanel\home\nowDownTime\404.php on line 35
[16-Mar-2026 13:21:54 Etc/GMT-3] PHP Warning:  Undefined array key "SECTION_ID" in D:\OSPanel\home\nowDownTime\404.php on line 35
[16-Mar-2026 13:22:24 Etc/GMT-3] PHP Warning:  Undefined array key "SECTION_ID" in D:\OSPanel\home\nowDownTime\404.php on line 35
[16-Mar-2026 13:22:26 Etc/GMT-3] PHP Warning:  Undefined array key "SECTION_ID" in D:\OSPanel\home\nowDownTime\404.php on line 35
[16-Mar-2026 13:25:04 Etc/GMT-3] PHP Warning:  Undefined array key "SECTION_ID" in D:\OSPanel\home\nowDownTime\404.php on line 35
[16-Mar-2026 13:26:12 Etc/GMT-3] PHP Warning:  Undefined array key "SECTION_ID" in D:\OSPanel\home\nowDownTime\404.php on line 35
[16-Mar-2026 13:26:28 Etc/GMT-3] PHP Warning:  Undefined array key "SECTION_ID" in D:\OSPanel\home\nowDownTime\404.php on line 35
[16-Mar-2026 14:12:10 Etc/GMT-3] PHP Warning:  Undefined array key "SECTION_ID" in D:\OSPanel\home\nowDownTime\404.php on line 35
[16-Mar-2026 14:12:15 Etc/GMT-3] PHP Warning:  Undefined array key "SECTION_ID" in D:\OSPanel\home\nowDownTime\404.php on line 35
[16-Mar-2026 14:12:17 Etc/GMT-3] PHP Warning:  Undefined array key "SECTION_ID" in D:\OSPanel\home\nowDownTime\404.php on line 35
[16-Mar-2026 14:54:38 Etc/GMT-3] PHP Warning:  Undefined array key "SECTION_ID" in D:\OSPanel\home\nowDownTime\404.php on line 35
[16-Mar-2026 14:54:57 Etc/GMT-3] PHP Warning:  Undefined array key "SECTION_ID" in D:\OSPanel\home\nowDownTime\404.php on line 35
[16-Mar-2026 15:09:41 Etc/GMT-3] PHP Warning:  Undefined array key "SECTION_ID" in D:\OSPanel\home\nowDownTime\404.php on line 35
[16-Mar-2026 15:15:44 Etc/GMT-3] PHP Warning:  Undefined array key "SECTION_ID" in D:\OSPanel\home\nowDownTime\404.php on line 35
[16-Mar-2026 15:21:31 Etc/GMT-3] PHP Warning:  Undefined array key "SECTION_ID" in D:\OSPanel\home\nowDownTime\404.php on line 35
[16-Mar-2026 15:21:57 Etc/GMT-3] PHP Warning:  Undefined array key "SECTION_ID" in D:\OSPanel\home\nowDownTime\404.php on line 35
[16-Mar-2026 15:22:01 Etc/GMT-3] PHP Warning:  Undefined array key "SECTION_ID" in D:\OSPanel\home\nowDownTime\404.php on line 35
[16-Mar-2026 15:27:19 Etc/GMT-3] PHP Warning:  Undefined array key "SECTION_ID" in D:\OSPanel\home\nowDownTime\404.php on line 35
[16-Mar-2026 15:27:23 Etc/GMT-3] PHP Warning:  Undefined array key "SECTION_ID" in D:\OSPanel\home\nowDownTime\404.php on line 35
[16-Mar-2026 20:11:35 Etc/GMT-3] PHP Warning:  Undefined array key "ELEMENT_CNT" in D:\OSPanel\home\nowDownTime\catalog\index.php on line 55
[16-Mar-2026 20:11:35 Etc/GMT-3] PHP Warning:  Undefined array key "ELEMENT_CNT" in D:\OSPanel\home\nowDownTime\catalog\index.php on line 55
[16-Mar-2026 20:11:35 Etc/GMT-3] PHP Warning:  Undefined array key "ELEMENT_CNT" in D:\OSPanel\home\nowDownTime\catalog\index.php on line 55
[16-Mar-2026 20:11:35 Etc/GMT-3] PHP Warning:  Undefined array key "SECTION_ID" in D:\OSPanel\home\nowDownTime\catalog\index.php on line 63
[16-Mar-2026 20:13:02 Etc/GMT-3] PHP Warning:  Undefined array key "ELEMENT_CNT" in D:\OSPanel\home\nowDownTime\catalog\index.php on line 55
[16-Mar-2026 20:13:02 Etc/GMT-3] PHP Warning:  Undefined array key "ELEMENT_CNT" in D:\OSPanel\home\nowDownTime\catalog\index.php on line 55
[16-Mar-2026 20:13:02 Etc/GMT-3] PHP Warning:  Undefined array key "ELEMENT_CNT" in D:\OSPanel\home\nowDownTime\catalog\index.php on line 55
[16-Mar-2026 20:13:02 Etc/GMT-3] PHP Warning:  Undefined array key "SECTION_ID" in D:\OSPanel\home\nowDownTime\catalog\index.php on line 63
[16-Mar-2026 20:13:09 Etc/GMT-3] PHP Warning:  Undefined array key "ELEMENT_CNT" in D:\OSPanel\home\nowDownTime\catalog\index.php on line 55
[16-Mar-2026 20:13:09 Etc/GMT-3] PHP Warning:  Undefined array key "ELEMENT_CNT" in D:\OSPanel\home\nowDownTime\catalog\index.php on line 55
[16-Mar-2026 20:13:09 Etc/GMT-3] PHP Warning:  Undefined array key "ELEMENT_CNT" in D:\OSPanel\home\nowDownTime\catalog\index.php on line 55
[16-Mar-2026 20:13:09 Etc/GMT-3] PHP Warning:  Undefined array key "SECTION_ID" in D:\OSPanel\home\nowDownTime\catalog\index.php on line 63
[17-Mar-2026 02:56:43 Etc/GMT-3] PHP Warning:  Undefined array key "ELEMENT_CNT" in D:\OSPanel\home\nowDownTime\catalog\index.php on line 55
[17-Mar-2026 02:56:43 Etc/GMT-3] PHP Warning:  Undefined array key "ELEMENT_CNT" in D:\OSPanel\home\nowDownTime\catalog\index.php on line 55
[17-Mar-2026 02:56:43 Etc/GMT-3] PHP Warning:  Undefined array key "ELEMENT_CNT" in D:\OSPanel\home\nowDownTime\catalog\index.php on line 55
[17-Mar-2026 02:56:43 Etc/GMT-3] PHP Warning:  Undefined array key "SECTION_ID" in D:\OSPanel\home\nowDownTime\catalog\index.php on line 63
[17-Mar-2026 02:56:58 Etc/GMT-3] PHP Warning:  Undefined array key "ELEMENT_CNT" in D:\OSPanel\home\nowDownTime\catalog\index.php on line 55
[17-Mar-2026 02:56:58 Etc/GMT-3] PHP Warning:  Undefined array key "ELEMENT_CNT" in D:\OSPanel\home\nowDownTime\catalog\index.php on line 55
[17-Mar-2026 02:56:58 Etc/GMT-3] PHP Warning:  Undefined array key "ELEMENT_CNT" in D:\OSPanel\home\nowDownTime\catalog\index.php on line 55
[17-Mar-2026 02:56:58 Etc/GMT-3] PHP Warning:  Undefined array key "SECTION_ID" in D:\OSPanel\home\nowDownTime\catalog\index.php on line 63
[17-Mar-2026 03:25:02 Etc/GMT-3] get_products.php: sectionId=16, products count=3
[17-Mar-2026 03:25:02 Etc/GMT-3] First product all_sections: Array
(
    [0] => Array
        (
            [id] => 16
            [name] => Настольные игры
        )

)

[17-Mar-2026 03:25:02 Etc/GMT-3] get_products.php: sectionId=16, products count=3
[17-Mar-2026 03:25:02 Etc/GMT-3] First product all_sections: Array
(
    [0] => Array
        (
            [id] => 16
            [name] => Настольные игры
        )

)

[20-Mar-2026 00:35:14 Etc/GMT-3] PHP Warning:  Undefined variable $place in D:\OSPanel\home\nowDownTime\catalog\detail.php on line 1395
[20-Mar-2026 00:35:14 Etc/GMT-3] PHP Warning:  Undefined variable $place in D:\OSPanel\home\nowDownTime\catalog\detail.php on line 1395
[20-Mar-2026 00:35:38 Etc/GMT-3] PHP Warning:  Undefined variable $place in D:\OSPanel\home\nowDownTime\catalog\detail.php on line 1395
[20-Mar-2026 00:35:38 Etc/GMT-3] PHP Warning:  Undefined variable $place in D:\OSPanel\home\nowDownTime\catalog\detail.php on line 1395
[20-Mar-2026 00:37:34 Etc/GMT-3] PHP Warning:  Undefined variable $place in D:\OSPanel\home\nowDownTime\catalog\detail.php on line 1395
[20-Mar-2026 00:37:34 Etc/GMT-3] PHP Warning:  Undefined variable $place in D:\OSPanel\home\nowDownTime\catalog\detail.php on line 1395
[20-Mar-2026 00:39:06 Etc/GMT-3] PHP Warning:  Undefined variable $place in D:\OSPanel\home\nowDownTime\catalog\detail.php on line 1395
[20-Mar-2026 00:39:06 Etc/GMT-3] PHP Warning:  Undefined variable $place in D:\OSPanel\home\nowDownTime\catalog\detail.php on line 1395
[20-Mar-2026 00:39:26 Etc/GMT-3] PHP Warning:  Undefined variable $place in D:\OSPanel\home\nowDownTime\catalog\detail.php on line 1395
[20-Mar-2026 00:39:26 Etc/GMT-3] PHP Warning:  Undefined variable $place in D:\OSPanel\home\nowDownTime\catalog\detail.php on line 1395
[20-Mar-2026 00:40:00 Etc/GMT-3] PHP Warning:  Undefined variable $place in D:\OSPanel\home\nowDownTime\catalog\detail.php on line 1395
[20-Mar-2026 00:40:00 Etc/GMT-3] PHP Warning:  Undefined variable $place in D:\OSPanel\home\nowDownTime\catalog\detail.php on line 1395
[20-Mar-2026 13:19:27 Etc/GMT-3] PHP Warning:  Undefined variable $place in D:\OSPanel\home\nowDownTime\catalog\detail.php on line 1395
[20-Mar-2026 13:19:27 Etc/GMT-3] PHP Warning:  Undefined variable $place in D:\OSPanel\home\nowDownTime\catalog\detail.php on line 1395
[20-Mar-2026 13:26:50 Etc/GMT-3] PHP Warning:  Undefined variable $place in D:\OSPanel\home\nowDownTime\catalog\detail.php on line 1395
[20-Mar-2026 13:26:50 Etc/GMT-3] PHP Warning:  Undefined variable $place in D:\OSPanel\home\nowDownTime\catalog\detail.php on line 1395
[20-Mar-2026 13:27:02 Etc/GMT-3] PHP Warning:  Undefined variable $place in D:\OSPanel\home\nowDownTime\catalog\detail.php on line 1395
[20-Mar-2026 13:27:02 Etc/GMT-3] PHP Warning:  Undefined variable $place in D:\OSPanel\home\nowDownTime\catalog\detail.php on line 1395
[20-Mar-2026 13:33:46 Etc/GMT-3] PHP Warning:  Undefined variable $place in D:\OSPanel\home\nowDownTime\catalog\detail.php on line 1395
[20-Mar-2026 13:33:46 Etc/GMT-3] PHP Warning:  Undefined variable $place in D:\OSPanel\home\nowDownTime\catalog\detail.php on line 1395
[23-Mar-2026 10:57:28 Etc/GMT-3] PHP Warning:  Undefined array key "ELEMENT_CNT" in D:\OSPanel\home\nowDownTime\catalog\index.php on line 55
[23-Mar-2026 10:57:28 Etc/GMT-3] PHP Warning:  Undefined array key "ELEMENT_CNT" in D:\OSPanel\home\nowDownTime\catalog\index.php on line 55
[23-Mar-2026 10:57:28 Etc/GMT-3] PHP Warning:  Undefined array key "ELEMENT_CNT" in D:\OSPanel\home\nowDownTime\catalog\index.php on line 55
[23-Mar-2026 10:57:28 Etc/GMT-3] PHP Warning:  Undefined array key "SECTION_ID" in D:\OSPanel\home\nowDownTime\catalog\index.php on line 63
[23-Mar-2026 15:54:51 Etc/GMT-3] PHP Warning:  Undefined variable $regularViewers in D:\OSPanel\home\nowDownTime\catalog\detail.php on line 201
[23-Mar-2026 15:54:51 Etc/GMT-3] PHP Warning:  foreach() argument must be of type array|object, null given in D:\OSPanel\home\nowDownTime\catalog\detail.php on line 201
[24-Mar-2026 12:03:44 Etc/GMT-3] PHP Deprecated:  Optional parameter $siteTemplateId declared before required parameter $body is implicitly treated as a required parameter in D:\OSPanel\home\nowDownTime\bitrix\modules\main\lib\mail\eventmessagethemecompiler.php on line 46
[24-Mar-2026 12:03:44 Etc/GMT-3] PHP Deprecated:  Optional parameter $siteTemplateId declared before required parameter $body is implicitly treated as a required parameter in D:\OSPanel\home\nowDownTime\bitrix\modules\main\lib\mail\eventmessagethemecompiler.php on line 62
[24-Mar-2026 13:05:41 Etc/GMT-3] PHP Deprecated:  Optional parameter $siteTemplateId declared before required parameter $body is implicitly treated as a required parameter in D:\OSPanel\home\nowDownTime\bitrix\modules\main\lib\mail\eventmessagethemecompiler.php on line 46
[24-Mar-2026 13:05:41 Etc/GMT-3] PHP Deprecated:  Optional parameter $siteTemplateId declared before required parameter $body is implicitly treated as a required parameter in D:\OSPanel\home\nowDownTime\bitrix\modules\main\lib\mail\eventmessagethemecompiler.php on line 62
[24-Mar-2026 13:23:18 Etc/GMT-3] PHP Deprecated:  Optional parameter $siteTemplateId declared before required parameter $body is implicitly treated as a required parameter in D:\OSPanel\home\nowDownTime\bitrix\modules\main\lib\mail\eventmessagethemecompiler.php on line 46
[24-Mar-2026 13:23:18 Etc/GMT-3] PHP Deprecated:  Optional parameter $siteTemplateId declared before required parameter $body is implicitly treated as a required parameter in D:\OSPanel\home\nowDownTime\bitrix\modules\main\lib\mail\eventmessagethemecompiler.php on line 62
[24-Mar-2026 13:33:21 Etc/GMT-3] PHP Deprecated:  Optional parameter $siteTemplateId declared before required parameter $body is implicitly treated as a required parameter in D:\OSPanel\home\nowDownTime\bitrix\modules\main\lib\mail\eventmessagethemecompiler.php on line 46
[24-Mar-2026 13:33:21 Etc/GMT-3] PHP Deprecated:  Optional parameter $siteTemplateId declared before required parameter $body is implicitly treated as a required parameter in D:\OSPanel\home\nowDownTime\bitrix\modules\main\lib\mail\eventmessagethemecompiler.php on line 62
[24-Mar-2026 13:42:21 Etc/GMT-3] PHP Deprecated:  Optional parameter $siteTemplateId declared before required parameter $body is implicitly treated as a required parameter in D:\OSPanel\home\nowDownTime\bitrix\modules\main\lib\mail\eventmessagethemecompiler.php on line 46
[24-Mar-2026 13:42:21 Etc/GMT-3] PHP Deprecated:  Optional parameter $siteTemplateId declared before required parameter $body is implicitly treated as a required parameter in D:\OSPanel\home\nowDownTime\bitrix\modules\main\lib\mail\eventmessagethemecompiler.php on line 62
[24-Mar-2026 13:43:23 Etc/GMT-3] PHP Deprecated:  Optional parameter $siteTemplateId declared before required parameter $body is implicitly treated as a required parameter in D:\OSPanel\home\nowDownTime\bitrix\modules\main\lib\mail\eventmessagethemecompiler.php on line 46
[24-Mar-2026 13:43:23 Etc/GMT-3] PHP Deprecated:  Optional parameter $siteTemplateId declared before required parameter $body is implicitly treated as a required parameter in D:\OSPanel\home\nowDownTime\bitrix\modules\main\lib\mail\eventmessagethemecompiler.php on line 62
[25-Mar-2026 02:05:41 Etc/GMT-3] PHP Warning:  Undefined variable $product in D:\OSPanel\home\nowDownTime\catalog\index.php on line 1020
[25-Mar-2026 02:05:41 Etc/GMT-3] PHP Warning:  Trying to access array offset on value of type null in D:\OSPanel\home\nowDownTime\catalog\index.php on line 1020
[25-Mar-2026 04:13:47 Etc/GMT-3] PHP Deprecated:  Optional parameter $siteTemplateId declared before required parameter $body is implicitly treated as a required parameter in D:\OSPanel\home\nowDownTime\bitrix\modules\main\lib\mail\eventmessagethemecompiler.php on line 46
[25-Mar-2026 04:13:47 Etc/GMT-3] PHP Deprecated:  Optional parameter $siteTemplateId declared before required parameter $body is implicitly treated as a required parameter in D:\OSPanel\home\nowDownTime\bitrix\modules\main\lib\mail\eventmessagethemecompiler.php on line 62
[25-Mar-2026 04:17:44 Etc/GMT-3] PHP Deprecated:  Optional parameter $siteTemplateId declared before required parameter $body is implicitly treated as a required parameter in D:\OSPanel\home\nowDownTime\bitrix\modules\main\lib\mail\eventmessagethemecompiler.php on line 46
[25-Mar-2026 04:17:44 Etc/GMT-3] PHP Deprecated:  Optional parameter $siteTemplateId declared before required parameter $body is implicitly treated as a required parameter in D:\OSPanel\home\nowDownTime\bitrix\modules\main\lib\mail\eventmessagethemecompiler.php on line 62
[25-Mar-2026 04:19:02 Etc/GMT-3] PHP Deprecated:  Optional parameter $siteTemplateId declared before required parameter $body is implicitly treated as a required parameter in D:\OSPanel\home\nowDownTime\bitrix\modules\main\lib\mail\eventmessagethemecompiler.php on line 46
[25-Mar-2026 04:19:02 Etc/GMT-3] PHP Deprecated:  Optional parameter $siteTemplateId declared before required parameter $body is implicitly treated as a required parameter in D:\OSPanel\home\nowDownTime\bitrix\modules\main\lib\mail\eventmessagethemecompiler.php on line 62
[25-Mar-2026 04:20:54 Etc/GMT-3] PHP Deprecated:  Optional parameter $siteTemplateId declared before required parameter $body is implicitly treated as a required parameter in D:\OSPanel\home\nowDownTime\bitrix\modules\main\lib\mail\eventmessagethemecompiler.php on line 46
[25-Mar-2026 04:20:54 Etc/GMT-3] PHP Deprecated:  Optional parameter $siteTemplateId declared before required parameter $body is implicitly treated as a required parameter in D:\OSPanel\home\nowDownTime\bitrix\modules\main\lib\mail\eventmessagethemecompiler.php on line 62
[25-Mar-2026 04:22:19 Etc/GMT-3] PHP Deprecated:  Optional parameter $siteTemplateId declared before required parameter $body is implicitly treated as a required parameter in D:\OSPanel\home\nowDownTime\bitrix\modules\main\lib\mail\eventmessagethemecompiler.php on line 46
[25-Mar-2026 04:22:19 Etc/GMT-3] PHP Deprecated:  Optional parameter $siteTemplateId declared before required parameter $body is implicitly treated as a required parameter in D:\OSPanel\home\nowDownTime\bitrix\modules\main\lib\mail\eventmessagethemecompiler.php on line 62
